In file included from [01m[K/usr/include/boost/python/detail/prefix.hpp:13:0[m[K,
                 from [01m[K/usr/include/boost/python/args.hpp:8[m[K,
                 from [01m[K/usr/include/boost/python.hpp:11[m[K,
                 from [01m[K/home/agx/cvbridge_build_ws/src/vision_opencv/cv_bridge/src/module.hpp:21[m[K,
                 from [01m[K/home/agx/cvbridge_build_ws/src/vision_opencv/cv_bridge/src/module_opencv4.cpp:3[m[K:
[01m[K/usr/include/boost/python/detail/wrap_python.hpp:50:11:[m[K [01;31m[Kfatal error: [m[Kpyconfig.h: No such file or directory
 # include [01;31m[K<pyconfig.h>[m[K
           [01;31m[K^~~~~~~~~~~~[m[K
In file included from [01m[K/usr/include/boost/python/detail/prefix.hpp:13:0[m[K,
                 from [01m[K/usr/include/boost/python/args.hpp:8[m[K,
                 from [01m[K/usr/include/boost/python.hpp:11[m[K,
                 from [01m[K/home/agx/cvbridge_build_ws/src/vision_opencv/cv_bridge/src/module.hpp:21[m[K,
                 from [01m[K/home/agx/cvbridge_build_ws/src/vision_opencv/cv_bridge/src/module.cpp:35[m[K:
[01m[K/usr/include/boost/python/detail/wrap_python.hpp:50:11:[m[K [01;31m[Kfatal error: [m[Kpyconfig.h: No such file or directory
 # include [01;31m[K<pyconfig.h>[m[K
           [01;31m[K^~~~~~~~~~~~[m[K
compilation terminated.
compilation terminated.
make[2]: *** [src/CMakeFiles/cv_bridge_boost.dir/module_opencv4.cpp.o] Error 1
make[2]: *** Waiting for unfinished jobs....
make[2]: *** [src/CMakeFiles/cv_bridge_boost.dir/module.cpp.o] Error 1
make[1]: *** [src/CMakeFiles/cv_bridge_boost.dir/all] Error 2
make: *** [all] Error 2
